<?xml version="1.0" encoding="UTF-8"?>
<!-- Generated by org.testng.reporters.JUnitReportReporter -->
<testsuite hostname="LAPTOP-CPHU5NL6" failures="0" tests="1" name="TestNGpack.CreateFirstprog" time="0.009" errors="0" timestamp="2021-06-23T12:03:06 IST" skipped="0">
  <testcase classname="TestNGpack.CreateFirstprog" name="tc1" time="0.009"/>
  <system-out/>
</testsuite> <!-- TestNGpack.CreateFirstprog -->
